<?xml version="1.0" encoding="UTF-8"?>
<!-- Generated by org.testng.reporters.JUnitReportReporter -->
<testsuite skipped="4" hostname="Umang952-Prod" name="com.eco.qa.testcases.LoginTests" tests="5" failures="0" timestamp="2020-11-02T00:19:59 IST" time="-1604256640.000" errors="1">
  <testcase name="a_invalidUserPswd" time="0.000" classname="com.eco.qa.testcases.LoginTests">
    <skipped/>
  </testcase> <!-- a_invalidUserPswd -->
  <system-out/>
  <testcase name="b_invalidUserName" time="0.000" classname="com.eco.qa.testcases.LoginTests">
    <skipped/>
  </testcase> <!-- b_invalidUserName -->
  <system-out/>
  <testcase name="beforeTest" time="-1604256640.000" classname="com.eco.qa.testcases.LoginTests">
    <error type="org.testng.TestNGException" message="
Parameter &#039;platformName&#039; is required by BeforeTest on method beforeTest but has not been marked @Optional or defined
in C:\Users\umang.sharma\AppData\Local\Temp\testng-eclipse--1411712251\testng-customsuite.xml">
      <![CDATA[org.testng.TestNGException: 
Parameter 'platformName' is required by BeforeTest on method beforeTest but has not been marked @Optional or defined
in C:\Users\umang.sharma\AppData\Local\Temp\testng-eclipse--1411712251\testng-customsuite.xml
at org.testng.internal.Parameters.createParams(Parameters.java:268)
at org.testng.internal.Parameters.createParametersForMethod(Parameters.java:356)
at org.testng.internal.Parameters.createParameters(Parameters.java:700)
at org.testng.internal.Parameters.createConfigurationParameters(Parameters.java:166)
at org.testng.internal.ConfigInvoker.invokeConfigurations(ConfigInvoker.java:301)
at org.testng.TestRunner.invokeTestConfigurations(TestRunner.java:617)
at org.testng.TestRunner.beforeRun(TestRunner.java:607)
at org.testng.TestRunner.run(TestRunner.java:578)
at org.testng.SuiteRunner.runTest(SuiteRunner.java:384)
at org.testng.SuiteRunner.runSequentially(SuiteRunner.java:378)
at org.testng.SuiteRunner.privateRun(SuiteRunner.java:337)
at org.testng.SuiteRunner.run(SuiteRunner.java:286)
at org.testng.SuiteRunnerWorker.runSuite(SuiteRunnerWorker.java:53)
at org.testng.SuiteRunnerWorker.run(SuiteRunnerWorker.java:96)
at org.testng.TestNG.runSuitesSequentially(TestNG.java:1218)
at org.testng.TestNG.runSuitesLocally(TestNG.java:1140)
at org.testng.TestNG.runSuites(TestNG.java:1069)
at org.testng.TestNG.run(TestNG.java:1037)
at org.testng.remote.AbstractRemoteTestNG.run(AbstractRemoteTestNG.java:115)
at org.testng.remote.RemoteTestNG.initAndRun(RemoteTestNG.java:251)
at org.testng.remote.RemoteTestNG.main(RemoteTestNG.java:77)
]]>
    </error>
  </testcase> <!-- beforeTest -->
  <system-out/>
  <testcase name="c_invalidPswd" time="0.000" classname="com.eco.qa.testcases.LoginTests">
    <skipped/>
  </testcase> <!-- c_invalidPswd -->
  <system-out/>
  <testcase name="d_validUserNamePswd" time="0.000" classname="com.eco.qa.testcases.LoginTests">
    <skipped/>
  </testcase> <!-- d_validUserNamePswd -->
  <system-out/>
</testsuite> <!-- com.eco.qa.testcases.LoginTests -->
